[2023-07-08 04:58:01] local.ERROR: There are no commands defined in the "run" namespace. {"exception":"[object] (Symfony\\Component\\Console\\Exception\\NamespaceNotFoundException(code: 0): There are no commands defined in the \"run\" namespace. at C:\\OSPanel\\domains\\helper.bot\\vendor\\symfony\\console\\Application.php:657)
[stacktrace]
#0 C:\\OSPanel\\domains\\helper.bot\\vendor\\symfony\\console\\Application.php(708): Symfony\\Component\\Console\\Application->findNamespace()
#1 C:\\OSPanel\\domains\\helper.bot\\vendor\\symfony\\console\\Application.php(262): Symfony\\Component\\Console\\Application->find()
#2 C:\\OSPanel\\domains\\helper.bot\\vendor\\symfony\\console\\Application.php(174): Symfony\\Component\\Console\\Application->doRun()
#3 C:\\OSPanel\\domains\\helper.bot\\vendor\\laravel\\framework\\src\\Illuminate\\Foundation\\Console\\Kernel.php(200): Symfony\\Component\\Console\\Application->run()
#4 C:\\OSPanel\\domains\\helper.bot\\artisan(37): Illuminate\\Foundation\\Console\\Kernel->handle()
#5 {main}
"} 
[2023-07-08 04:59:48] local.ERROR: Target class [App\Console\Commands\TelegramBot] does not exist. {"exception":"[object] (Illuminate\\Contracts\\Container\\BindingResolutionException(code: 0): Target class [App\\Console\\Commands\\TelegramBot] does not exist. at C:\\OSPanel\\domains\\helper.bot\\vendor\\laravel\\framework\\src\\Illuminate\\Container\\Container.php:914)
[stacktrace]
#0 C:\\OSPanel\\domains\\helper.bot\\vendor\\laravel\\framework\\src\\Illuminate\\Container\\Container.php(795): Illuminate\\Container\\Container->build()
#1 C:\\OSPanel\\domains\\helper.bot\\vendor\\laravel\\framework\\src\\Illuminate\\Foundation\\Application.php(933): Illuminate\\Container\\Container->resolve()
#2 C:\\OSPanel\\domains\\helper.bot\\vendor\\laravel\\framework\\src\\Illuminate\\Container\\Container.php(731): Illuminate\\Foundation\\Application->resolve()
#3 C:\\OSPanel\\domains\\helper.bot\\vendor\\laravel\\framework\\src\\Illuminate\\Foundation\\Application.php(918): Illuminate\\Container\\Container->make()
#4 C:\\OSPanel\\domains\\helper.bot\\vendor\\laravel\\framework\\src\\Illuminate\\Console\\Application.php(249): Illuminate\\Foundation\\Application->make()
#5 C:\\OSPanel\\domains\\helper.bot\\vendor\\laravel\\framework\\src\\Illuminate\\Console\\Application.php(263): Illuminate\\Console\\Application->resolve()
#6 C:\\OSPanel\\domains\\helper.bot\\vendor\\laravel\\framework\\src\\Illuminate\\Foundation\\Console\\Kernel.php(469): Illuminate\\Console\\Application->resolveCommands()
#7 C:\\OSPanel\\domains\\helper.bot\\vendor\\laravel\\framework\\src\\Illuminate\\Foundation\\Console\\Kernel.php(200): Illuminate\\Foundation\\Console\\Kernel->getArtisan()
#8 C:\\OSPanel\\domains\\helper.bot\\artisan(37): Illuminate\\Foundation\\Console\\Kernel->handle()
#9 {main}

[previous exception] [object] (ReflectionException(code: -1): Class \"App\\Console\\Commands\\TelegramBot\" does not exist at C:\\OSPanel\\domains\\helper.bot\\vendor\\laravel\\framework\\src\\Illuminate\\Container\\Container.php:912)
[stacktrace]
#0 C:\\OSPanel\\domains\\helper.bot\\vendor\\laravel\\framework\\src\\Illuminate\\Container\\Container.php(912): ReflectionClass->__construct()
#1 C:\\OSPanel\\domains\\helper.bot\\vendor\\laravel\\framework\\src\\Illuminate\\Container\\Container.php(795): Illuminate\\Container\\Container->build()
#2 C:\\OSPanel\\domains\\helper.bot\\vendor\\laravel\\framework\\src\\Illuminate\\Foundation\\Application.php(933): Illuminate\\Container\\Container->resolve()
#3 C:\\OSPanel\\domains\\helper.bot\\vendor\\laravel\\framework\\src\\Illuminate\\Container\\Container.php(731): Illuminate\\Foundation\\Application->resolve()
#4 C:\\OSPanel\\domains\\helper.bot\\vendor\\laravel\\framework\\src\\Illuminate\\Foundation\\Application.php(918): Illuminate\\Container\\Container->make()
#5 C:\\OSPanel\\domains\\helper.bot\\vendor\\laravel\\framework\\src\\Illuminate\\Console\\Application.php(249): Illuminate\\Foundation\\Application->make()
#6 C:\\OSPanel\\domains\\helper.bot\\vendor\\laravel\\framework\\src\\Illuminate\\Console\\Application.php(263): Illuminate\\Console\\Application->resolve()
#7 C:\\OSPanel\\domains\\helper.bot\\vendor\\laravel\\framework\\src\\Illuminate\\Foundation\\Console\\Kernel.php(469): Illuminate\\Console\\Application->resolveCommands()
#8 C:\\OSPanel\\domains\\helper.bot\\vendor\\laravel\\framework\\src\\Illuminate\\Foundation\\Console\\Kernel.php(200): Illuminate\\Foundation\\Console\\Kernel->getArtisan()
#9 C:\\OSPanel\\domains\\helper.bot\\artisan(37): Illuminate\\Foundation\\Console\\Kernel->handle()
#10 {main}
"} 
[2023-07-08 05:00:52] local.ERROR: Target class [App\Console\Commands\TelegramBot] does not exist. {"exception":"[object] (Illuminate\\Contracts\\Container\\BindingResolutionException(code: 0): Target class [App\\Console\\Commands\\TelegramBot] does not exist. at C:\\OSPanel\\domains\\helper.bot\\vendor\\laravel\\framework\\src\\Illuminate\\Container\\Container.php:914)
[stacktrace]
#0 C:\\OSPanel\\domains\\helper.bot\\vendor\\laravel\\framework\\src\\Illuminate\\Container\\Container.php(795): Illuminate\\Container\\Container->build()
#1 C:\\OSPanel\\domains\\helper.bot\\vendor\\laravel\\framework\\src\\Illuminate\\Foundation\\Application.php(933): Illuminate\\Container\\Container->resolve()
#2 C:\\OSPanel\\domains\\helper.bot\\vendor\\laravel\\framework\\src\\Illuminate\\Container\\Container.php(731): Illuminate\\Foundation\\Application->resolve()
#3 C:\\OSPanel\\domains\\helper.bot\\vendor\\laravel\\framework\\src\\Illuminate\\Foundation\\Application.php(918): Illuminate\\Container\\Container->make()
#4 C:\\OSPanel\\domains\\helper.bot\\vendor\\laravel\\framework\\src\\Illuminate\\Console\\Application.php(249): Illuminate\\Foundation\\Application->make()
#5 C:\\OSPanel\\domains\\helper.bot\\vendor\\laravel\\framework\\src\\Illuminate\\Console\\Application.php(263): Illuminate\\Console\\Application->resolve()
#6 C:\\OSPanel\\domains\\helper.bot\\vendor\\laravel\\framework\\src\\Illuminate\\Foundation\\Console\\Kernel.php(469): Illuminate\\Console\\Application->resolveCommands()
#7 C:\\OSPanel\\domains\\helper.bot\\vendor\\laravel\\framework\\src\\Illuminate\\Foundation\\Console\\Kernel.php(200): Illuminate\\Foundation\\Console\\Kernel->getArtisan()
#8 C:\\OSPanel\\domains\\helper.bot\\artisan(37): Illuminate\\Foundation\\Console\\Kernel->handle()
#9 {main}

[previous exception] [object] (ReflectionException(code: -1): Class \"App\\Console\\Commands\\TelegramBot\" does not exist at C:\\OSPanel\\domains\\helper.bot\\vendor\\laravel\\framework\\src\\Illuminate\\Container\\Container.php:912)
[stacktrace]
#0 C:\\OSPanel\\domains\\helper.bot\\vendor\\laravel\\framework\\src\\Illuminate\\Container\\Container.php(912): ReflectionClass->__construct()
#1 C:\\OSPanel\\domains\\helper.bot\\vendor\\laravel\\framework\\src\\Illuminate\\Container\\Container.php(795): Illuminate\\Container\\Container->build()
#2 C:\\OSPanel\\domains\\helper.bot\\vendor\\laravel\\framework\\src\\Illuminate\\Foundation\\Application.php(933): Illuminate\\Container\\Container->resolve()
#3 C:\\OSPanel\\domains\\helper.bot\\vendor\\laravel\\framework\\src\\Illuminate\\Container\\Container.php(731): Illuminate\\Foundation\\Application->resolve()
#4 C:\\OSPanel\\domains\\helper.bot\\vendor\\laravel\\framework\\src\\Illuminate\\Foundation\\Application.php(918): Illuminate\\Container\\Container->make()
#5 C:\\OSPanel\\domains\\helper.bot\\vendor\\laravel\\framework\\src\\Illuminate\\Console\\Application.php(249): Illuminate\\Foundation\\Application->make()
#6 C:\\OSPanel\\domains\\helper.bot\\vendor\\laravel\\framework\\src\\Illuminate\\Console\\Application.php(263): Illuminate\\Console\\Application->resolve()
#7 C:\\OSPanel\\domains\\helper.bot\\vendor\\laravel\\framework\\src\\Illuminate\\Foundation\\Console\\Kernel.php(469): Illuminate\\Console\\Application->resolveCommands()
#8 C:\\OSPanel\\domains\\helper.bot\\vendor\\laravel\\framework\\src\\Illuminate\\Foundation\\Console\\Kernel.php(200): Illuminate\\Foundation\\Console\\Kernel->getArtisan()
#9 C:\\OSPanel\\domains\\helper.bot\\artisan(37): Illuminate\\Foundation\\Console\\Kernel->handle()
#10 {main}
"} 
[2023-07-08 05:03:58] local.ERROR: Target class [App\Console\Commands\TelegramBot] does not exist. {"exception":"[object] (Illuminate\\Contracts\\Container\\BindingResolutionException(code: 0): Target class [App\\Console\\Commands\\TelegramBot] does not exist. at C:\\OSPanel\\domains\\helper.bot\\vendor\\laravel\\framework\\src\\Illuminate\\Container\\Container.php:914)
[stacktrace]
#0 C:\\OSPanel\\domains\\helper.bot\\vendor\\laravel\\framework\\src\\Illuminate\\Container\\Container.php(795): Illuminate\\Container\\Container->build()
#1 C:\\OSPanel\\domains\\helper.bot\\vendor\\laravel\\framework\\src\\Illuminate\\Foundation\\Application.php(933): Illuminate\\Container\\Container->resolve()
#2 C:\\OSPanel\\domains\\helper.bot\\vendor\\laravel\\framework\\src\\Illuminate\\Container\\Container.php(731): Illuminate\\Foundation\\Application->resolve()
#3 C:\\OSPanel\\domains\\helper.bot\\vendor\\laravel\\framework\\src\\Illuminate\\Foundation\\Application.php(918): Illuminate\\Container\\Container->make()
#4 C:\\OSPanel\\domains\\helper.bot\\vendor\\laravel\\framework\\src\\Illuminate\\Console\\Application.php(249): Illuminate\\Foundation\\Application->make()
#5 C:\\OSPanel\\domains\\helper.bot\\vendor\\laravel\\framework\\src\\Illuminate\\Console\\Application.php(263): Illuminate\\Console\\Application->resolve()
#6 C:\\OSPanel\\domains\\helper.bot\\vendor\\laravel\\framework\\src\\Illuminate\\Foundation\\Console\\Kernel.php(469): Illuminate\\Console\\Application->resolveCommands()
#7 C:\\OSPanel\\domains\\helper.bot\\vendor\\laravel\\framework\\src\\Illuminate\\Foundation\\Console\\Kernel.php(200): Illuminate\\Foundation\\Console\\Kernel->getArtisan()
#8 C:\\OSPanel\\domains\\helper.bot\\artisan(37): Illuminate\\Foundation\\Console\\Kernel->handle()
#9 {main}

[previous exception] [object] (ReflectionException(code: -1): Class \"App\\Console\\Commands\\TelegramBot\" does not exist at C:\\OSPanel\\domains\\helper.bot\\vendor\\laravel\\framework\\src\\Illuminate\\Container\\Container.php:912)
[stacktrace]
#0 C:\\OSPanel\\domains\\helper.bot\\vendor\\laravel\\framework\\src\\Illuminate\\Container\\Container.php(912): ReflectionClass->__construct()
#1 C:\\OSPanel\\domains\\helper.bot\\vendor\\laravel\\framework\\src\\Illuminate\\Container\\Container.php(795): Illuminate\\Container\\Container->build()
#2 C:\\OSPanel\\domains\\helper.bot\\vendor\\laravel\\framework\\src\\Illuminate\\Foundation\\Application.php(933): Illuminate\\Container\\Container->resolve()
#3 C:\\OSPanel\\domains\\helper.bot\\vendor\\laravel\\framework\\src\\Illuminate\\Container\\Container.php(731): Illuminate\\Foundation\\Application->resolve()
#4 C:\\OSPanel\\domains\\helper.bot\\vendor\\laravel\\framework\\src\\Illuminate\\Foundation\\Application.php(918): Illuminate\\Container\\Container->make()
#5 C:\\OSPanel\\domains\\helper.bot\\vendor\\laravel\\framework\\src\\Illuminate\\Console\\Application.php(249): Illuminate\\Foundation\\Application->make()
#6 C:\\OSPanel\\domains\\helper.bot\\vendor\\laravel\\framework\\src\\Illuminate\\Console\\Application.php(263): Illuminate\\Console\\Application->resolve()
#7 C:\\OSPanel\\domains\\helper.bot\\vendor\\laravel\\framework\\src\\Illuminate\\Foundation\\Console\\Kernel.php(469): Illuminate\\Console\\Application->resolveCommands()
#8 C:\\OSPanel\\domains\\helper.bot\\vendor\\laravel\\framework\\src\\Illuminate\\Foundation\\Console\\Kernel.php(200): Illuminate\\Foundation\\Console\\Kernel->getArtisan()
#9 C:\\OSPanel\\domains\\helper.bot\\artisan(37): Illuminate\\Foundation\\Console\\Kernel->handle()
#10 {main}
"} 
[2023-07-08 05:04:19] local.ERROR: Target class [App\Console\Commands\TelegramBot] does not exist. {"exception":"[object] (Illuminate\\Contracts\\Container\\BindingResolutionException(code: 0): Target class [App\\Console\\Commands\\TelegramBot] does not exist. at C:\\OSPanel\\domains\\helper.bot\\vendor\\laravel\\framework\\src\\Illuminate\\Container\\Container.php:914)
[stacktrace]
#0 C:\\OSPanel\\domains\\helper.bot\\vendor\\laravel\\framework\\src\\Illuminate\\Container\\Container.php(795): Illuminate\\Container\\Container->build()
#1 C:\\OSPanel\\domains\\helper.bot\\vendor\\laravel\\framework\\src\\Illuminate\\Foundation\\Application.php(933): Illuminate\\Container\\Container->resolve()
#2 C:\\OSPanel\\domains\\helper.bot\\vendor\\laravel\\framework\\src\\Illuminate\\Container\\Container.php(731): Illuminate\\Foundation\\Application->resolve()
#3 C:\\OSPanel\\domains\\helper.bot\\vendor\\laravel\\framework\\src\\Illuminate\\Foundation\\Application.php(918): Illuminate\\Container\\Container->make()
#4 C:\\OSPanel\\domains\\helper.bot\\vendor\\laravel\\framework\\src\\Illuminate\\Console\\Application.php(249): Illuminate\\Foundation\\Application->make()
#5 C:\\OSPanel\\domains\\helper.bot\\vendor\\laravel\\framework\\src\\Illuminate\\Console\\Application.php(263): Illuminate\\Console\\Application->resolve()
#6 C:\\OSPanel\\domains\\helper.bot\\vendor\\laravel\\framework\\src\\Illuminate\\Foundation\\Console\\Kernel.php(469): Illuminate\\Console\\Application->resolveCommands()
#7 C:\\OSPanel\\domains\\helper.bot\\vendor\\laravel\\framework\\src\\Illuminate\\Foundation\\Console\\Kernel.php(200): Illuminate\\Foundation\\Console\\Kernel->getArtisan()
#8 C:\\OSPanel\\domains\\helper.bot\\artisan(37): Illuminate\\Foundation\\Console\\Kernel->handle()
#9 {main}

[previous exception] [object] (ReflectionException(code: -1): Class \"App\\Console\\Commands\\TelegramBot\" does not exist at C:\\OSPanel\\domains\\helper.bot\\vendor\\laravel\\framework\\src\\Illuminate\\Container\\Container.php:912)
[stacktrace]
#0 C:\\OSPanel\\domains\\helper.bot\\vendor\\laravel\\framework\\src\\Illuminate\\Container\\Container.php(912): ReflectionClass->__construct()
#1 C:\\OSPanel\\domains\\helper.bot\\vendor\\laravel\\framework\\src\\Illuminate\\Container\\Container.php(795): Illuminate\\Container\\Container->build()
#2 C:\\OSPanel\\domains\\helper.bot\\vendor\\laravel\\framework\\src\\Illuminate\\Foundation\\Application.php(933): Illuminate\\Container\\Container->resolve()
#3 C:\\OSPanel\\domains\\helper.bot\\vendor\\laravel\\framework\\src\\Illuminate\\Container\\Container.php(731): Illuminate\\Foundation\\Application->resolve()
#4 C:\\OSPanel\\domains\\helper.bot\\vendor\\laravel\\framework\\src\\Illuminate\\Foundation\\Application.php(918): Illuminate\\Container\\Container->make()
#5 C:\\OSPanel\\domains\\helper.bot\\vendor\\laravel\\framework\\src\\Illuminate\\Console\\Application.php(249): Illuminate\\Foundation\\Application->make()
#6 C:\\OSPanel\\domains\\helper.bot\\vendor\\laravel\\framework\\src\\Illuminate\\Console\\Application.php(263): Illuminate\\Console\\Application->resolve()
#7 C:\\OSPanel\\domains\\helper.bot\\vendor\\laravel\\framework\\src\\Illuminate\\Foundation\\Console\\Kernel.php(469): Illuminate\\Console\\Application->resolveCommands()
#8 C:\\OSPanel\\domains\\helper.bot\\vendor\\laravel\\framework\\src\\Illuminate\\Foundation\\Console\\Kernel.php(200): Illuminate\\Foundation\\Console\\Kernel->getArtisan()
#9 C:\\OSPanel\\domains\\helper.bot\\artisan(37): Illuminate\\Foundation\\Console\\Kernel->handle()
#10 {main}
"} 
[2023-07-08 05:04:30] local.ERROR: Target class [App\Console\Commands\TelegramBot] does not exist. {"exception":"[object] (Illuminate\\Contracts\\Container\\BindingResolutionException(code: 0): Target class [App\\Console\\Commands\\TelegramBot] does not exist. at C:\\OSPanel\\domains\\helper.bot\\vendor\\laravel\\framework\\src\\Illuminate\\Container\\Container.php:914)
[stacktrace]
#0 C:\\OSPanel\\domains\\helper.bot\\vendor\\laravel\\framework\\src\\Illuminate\\Container\\Container.php(795): Illuminate\\Container\\Container->build()
#1 C:\\OSPanel\\domains\\helper.bot\\vendor\\laravel\\framework\\src\\Illuminate\\Foundation\\Application.php(933): Illuminate\\Container\\Container->resolve()
#2 C:\\OSPanel\\domains\\helper.bot\\vendor\\laravel\\framework\\src\\Illuminate\\Container\\Container.php(731): Illuminate\\Foundation\\Application->resolve()
#3 C:\\OSPanel\\domains\\helper.bot\\vendor\\laravel\\framework\\src\\Illuminate\\Foundation\\Application.php(918): Illuminate\\Container\\Container->make()
#4 C:\\OSPanel\\domains\\helper.bot\\vendor\\laravel\\framework\\src\\Illuminate\\Console\\Application.php(249): Illuminate\\Foundation\\Application->make()
#5 C:\\OSPanel\\domains\\helper.bot\\vendor\\laravel\\framework\\src\\Illuminate\\Console\\Application.php(263): Illuminate\\Console\\Application->resolve()
#6 C:\\OSPanel\\domains\\helper.bot\\vendor\\laravel\\framework\\src\\Illuminate\\Foundation\\Console\\Kernel.php(469): Illuminate\\Console\\Application->resolveCommands()
#7 C:\\OSPanel\\domains\\helper.bot\\vendor\\laravel\\framework\\src\\Illuminate\\Foundation\\Console\\Kernel.php(200): Illuminate\\Foundation\\Console\\Kernel->getArtisan()
#8 C:\\OSPanel\\domains\\helper.bot\\artisan(37): Illuminate\\Foundation\\Console\\Kernel->handle()
#9 {main}

[previous exception] [object] (ReflectionException(code: -1): Class \"App\\Console\\Commands\\TelegramBot\" does not exist at C:\\OSPanel\\domains\\helper.bot\\vendor\\laravel\\framework\\src\\Illuminate\\Container\\Container.php:912)
[stacktrace]
#0 C:\\OSPanel\\domains\\helper.bot\\vendor\\laravel\\framework\\src\\Illuminate\\Container\\Container.php(912): ReflectionClass->__construct()
#1 C:\\OSPanel\\domains\\helper.bot\\vendor\\laravel\\framework\\src\\Illuminate\\Container\\Container.php(795): Illuminate\\Container\\Container->build()
#2 C:\\OSPanel\\domains\\helper.bot\\vendor\\laravel\\framework\\src\\Illuminate\\Foundation\\Application.php(933): Illuminate\\Container\\Container->resolve()
#3 C:\\OSPanel\\domains\\helper.bot\\vendor\\laravel\\framework\\src\\Illuminate\\Container\\Container.php(731): Illuminate\\Foundation\\Application->resolve()
#4 C:\\OSPanel\\domains\\helper.bot\\vendor\\laravel\\framework\\src\\Illuminate\\Foundation\\Application.php(918): Illuminate\\Container\\Container->make()
#5 C:\\OSPanel\\domains\\helper.bot\\vendor\\laravel\\framework\\src\\Illuminate\\Console\\Application.php(249): Illuminate\\Foundation\\Application->make()
#6 C:\\OSPanel\\domains\\helper.bot\\vendor\\laravel\\framework\\src\\Illuminate\\Console\\Application.php(263): Illuminate\\Console\\Application->resolve()
#7 C:\\OSPanel\\domains\\helper.bot\\vendor\\laravel\\framework\\src\\Illuminate\\Foundation\\Console\\Kernel.php(469): Illuminate\\Console\\Application->resolveCommands()
#8 C:\\OSPanel\\domains\\helper.bot\\vendor\\laravel\\framework\\src\\Illuminate\\Foundation\\Console\\Kernel.php(200): Illuminate\\Foundation\\Console\\Kernel->getArtisan()
#9 C:\\OSPanel\\domains\\helper.bot\\artisan(37): Illuminate\\Foundation\\Console\\Kernel->handle()
#10 {main}
"} 
[2023-07-08 05:05:07] local.ERROR: Target class [App\Console\Commands\TelegramBot] does not exist. {"exception":"[object] (Illuminate\\Contracts\\Container\\BindingResolutionException(code: 0): Target class [App\\Console\\Commands\\TelegramBot] does not exist. at C:\\OSPanel\\domains\\helper.bot\\vendor\\laravel\\framework\\src\\Illuminate\\Container\\Container.php:914)
[stacktrace]
#0 C:\\OSPanel\\domains\\helper.bot\\vendor\\laravel\\framework\\src\\Illuminate\\Container\\Container.php(795): Illuminate\\Container\\Container->build()
#1 C:\\OSPanel\\domains\\helper.bot\\vendor\\laravel\\framework\\src\\Illuminate\\Foundation\\Application.php(933): Illuminate\\Container\\Container->resolve()
#2 C:\\OSPanel\\domains\\helper.bot\\vendor\\laravel\\framework\\src\\Illuminate\\Container\\Container.php(731): Illuminate\\Foundation\\Application->resolve()
#3 C:\\OSPanel\\domains\\helper.bot\\vendor\\laravel\\framework\\src\\Illuminate\\Foundation\\Application.php(918): Illuminate\\Container\\Container->make()
#4 C:\\OSPanel\\domains\\helper.bot\\vendor\\laravel\\framework\\src\\Illuminate\\Console\\Application.php(249): Illuminate\\Foundation\\Application->make()
#5 C:\\OSPanel\\domains\\helper.bot\\vendor\\laravel\\framework\\src\\Illuminate\\Console\\Application.php(263): Illuminate\\Console\\Application->resolve()
#6 C:\\OSPanel\\domains\\helper.bot\\vendor\\laravel\\framework\\src\\Illuminate\\Foundation\\Console\\Kernel.php(469): Illuminate\\Console\\Application->resolveCommands()
#7 C:\\OSPanel\\domains\\helper.bot\\vendor\\laravel\\framework\\src\\Illuminate\\Foundation\\Console\\Kernel.php(200): Illuminate\\Foundation\\Console\\Kernel->getArtisan()
#8 C:\\OSPanel\\domains\\helper.bot\\artisan(37): Illuminate\\Foundation\\Console\\Kernel->handle()
#9 {main}

[previous exception] [object] (ReflectionException(code: -1): Class \"App\\Console\\Commands\\TelegramBot\" does not exist at C:\\OSPanel\\domains\\helper.bot\\vendor\\laravel\\framework\\src\\Illuminate\\Container\\Container.php:912)
[stacktrace]
#0 C:\\OSPanel\\domains\\helper.bot\\vendor\\laravel\\framework\\src\\Illuminate\\Container\\Container.php(912): ReflectionClass->__construct()
#1 C:\\OSPanel\\domains\\helper.bot\\vendor\\laravel\\framework\\src\\Illuminate\\Container\\Container.php(795): Illuminate\\Container\\Container->build()
#2 C:\\OSPanel\\domains\\helper.bot\\vendor\\laravel\\framework\\src\\Illuminate\\Foundation\\Application.php(933): Illuminate\\Container\\Container->resolve()
#3 C:\\OSPanel\\domains\\helper.bot\\vendor\\laravel\\framework\\src\\Illuminate\\Container\\Container.php(731): Illuminate\\Foundation\\Application->resolve()
#4 C:\\OSPanel\\domains\\helper.bot\\vendor\\laravel\\framework\\src\\Illuminate\\Foundation\\Application.php(918): Illuminate\\Container\\Container->make()
#5 C:\\OSPanel\\domains\\helper.bot\\vendor\\laravel\\framework\\src\\Illuminate\\Console\\Application.php(249): Illuminate\\Foundation\\Application->make()
#6 C:\\OSPanel\\domains\\helper.bot\\vendor\\laravel\\framework\\src\\Illuminate\\Console\\Application.php(263): Illuminate\\Console\\Application->resolve()
#7 C:\\OSPanel\\domains\\helper.bot\\vendor\\laravel\\framework\\src\\Illuminate\\Foundation\\Console\\Kernel.php(469): Illuminate\\Console\\Application->resolveCommands()
#8 C:\\OSPanel\\domains\\helper.bot\\vendor\\laravel\\framework\\src\\Illuminate\\Foundation\\Console\\Kernel.php(200): Illuminate\\Foundation\\Console\\Kernel->getArtisan()
#9 C:\\OSPanel\\domains\\helper.bot\\artisan(37): Illuminate\\Foundation\\Console\\Kernel->handle()
#10 {main}
"} 
[2023-07-08 05:06:04] local.ERROR: Interface "App\Services\CustomBots\AncillaryServices\Interfaces\IBot" not found {"exception":"[object] (Error(code: 0): Interface \"App\\Services\\CustomBots\\AncillaryServices\\Interfaces\\IBot\" not found at C:\\OSPanel\\domains\\helper.bot\\app\\Services\\CustomBots\\LyricBot.php:8)
[stacktrace]
#0 C:\\OSPanel\\domains\\helper.bot\\vendor\\composer\\ClassLoader.php(571): include()
#1 C:\\OSPanel\\domains\\helper.bot\\vendor\\composer\\ClassLoader.php(428): Composer\\Autoload\\includeFile()
#2 [internal function]: Composer\\Autoload\\ClassLoader->loadClass()
#3 C:\\OSPanel\\domains\\helper.bot\\app\\Services\\CustomBotsManager.php(33): is_a()
#4 C:\\OSPanel\\domains\\helper.bot\\app\\Console\\Commands\\TelegramBot.php(40): App\\Services\\CustomBotsManager->process()
#5 C:\\OSPanel\\domains\\helper.bot\\vendor\\laravel\\framework\\src\\Illuminate\\Container\\BoundMethod.php(36): App\\Console\\Commands\\TelegramBot->handle()
#6 C:\\OSPanel\\domains\\helper.bot\\vendor\\laravel\\framework\\src\\Illuminate\\Container\\Util.php(41): Illuminate\\Container\\BoundMethod::Illuminate\\Container\\{closure}()
#7 C:\\OSPanel\\domains\\helper.bot\\vendor\\laravel\\framework\\src\\Illuminate\\Container\\BoundMethod.php(93): Illuminate\\Container\\Util::unwrapIfClosure()
#8 C:\\OSPanel\\domains\\helper.bot\\vendor\\laravel\\framework\\src\\Illuminate\\Container\\BoundMethod.php(37): Illuminate\\Container\\BoundMethod::callBoundMethod()
#9 C:\\OSPanel\\domains\\helper.bot\\vendor\\laravel\\framework\\src\\Illuminate\\Container\\Container.php(662): Illuminate\\Container\\BoundMethod::call()
#10 C:\\OSPanel\\domains\\helper.bot\\vendor\\laravel\\framework\\src\\Illuminate\\Console\\Command.php(208): Illuminate\\Container\\Container->call()
#11 C:\\OSPanel\\domains\\helper.bot\\vendor\\symfony\\console\\Command\\Command.php(326): Illuminate\\Console\\Command->execute()
#12 C:\\OSPanel\\domains\\helper.bot\\vendor\\laravel\\framework\\src\\Illuminate\\Console\\Command.php(178): Symfony\\Component\\Console\\Command\\Command->run()
#13 C:\\OSPanel\\domains\\helper.bot\\vendor\\symfony\\console\\Application.php(1081): Illuminate\\Console\\Command->run()
#14 C:\\OSPanel\\domains\\helper.bot\\vendor\\symfony\\console\\Application.php(320): Symfony\\Component\\Console\\Application->doRunCommand()
#15 C:\\OSPanel\\domains\\helper.bot\\vendor\\symfony\\console\\Application.php(174): Symfony\\Component\\Console\\Application->doRun()
#16 C:\\OSPanel\\domains\\helper.bot\\vendor\\laravel\\framework\\src\\Illuminate\\Foundation\\Console\\Kernel.php(200): Symfony\\Component\\Console\\Application->run()
#17 C:\\OSPanel\\domains\\helper.bot\\artisan(37): Illuminate\\Foundation\\Console\\Kernel->handle()
#18 {main}
"} 
[2023-07-08 05:07:15] local.ERROR: Interface "App\Services\AncillaryServices\Interfaces\IBot" not found {"exception":"[object] (Error(code: 0): Interface \"App\\Services\\AncillaryServices\\Interfaces\\IBot\" not found at C:\\OSPanel\\domains\\helper.bot\\app\\Services\\CustomBots\\LyricBot.php:8)
[stacktrace]
#0 C:\\OSPanel\\domains\\helper.bot\\vendor\\composer\\ClassLoader.php(571): include()
#1 C:\\OSPanel\\domains\\helper.bot\\vendor\\composer\\ClassLoader.php(428): Composer\\Autoload\\includeFile()
#2 [internal function]: Composer\\Autoload\\ClassLoader->loadClass()
#3 C:\\OSPanel\\domains\\helper.bot\\app\\Services\\CustomBotsManager.php(33): is_a()
#4 C:\\OSPanel\\domains\\helper.bot\\app\\Console\\Commands\\TelegramBot.php(40): App\\Services\\CustomBotsManager->process()
#5 C:\\OSPanel\\domains\\helper.bot\\vendor\\laravel\\framework\\src\\Illuminate\\Container\\BoundMethod.php(36): App\\Console\\Commands\\TelegramBot->handle()
#6 C:\\OSPanel\\domains\\helper.bot\\vendor\\laravel\\framework\\src\\Illuminate\\Container\\Util.php(41): Illuminate\\Container\\BoundMethod::Illuminate\\Container\\{closure}()
#7 C:\\OSPanel\\domains\\helper.bot\\vendor\\laravel\\framework\\src\\Illuminate\\Container\\BoundMethod.php(93): Illuminate\\Container\\Util::unwrapIfClosure()
#8 C:\\OSPanel\\domains\\helper.bot\\vendor\\laravel\\framework\\src\\Illuminate\\Container\\BoundMethod.php(37): Illuminate\\Container\\BoundMethod::callBoundMethod()
#9 C:\\OSPanel\\domains\\helper.bot\\vendor\\laravel\\framework\\src\\Illuminate\\Container\\Container.php(662): Illuminate\\Container\\BoundMethod::call()
#10 C:\\OSPanel\\domains\\helper.bot\\vendor\\laravel\\framework\\src\\Illuminate\\Console\\Command.php(208): Illuminate\\Container\\Container->call()
#11 C:\\OSPanel\\domains\\helper.bot\\vendor\\symfony\\console\\Command\\Command.php(326): Illuminate\\Console\\Command->execute()
#12 C:\\OSPanel\\domains\\helper.bot\\vendor\\laravel\\framework\\src\\Illuminate\\Console\\Command.php(178): Symfony\\Component\\Console\\Command\\Command->run()
#13 C:\\OSPanel\\domains\\helper.bot\\vendor\\symfony\\console\\Application.php(1081): Illuminate\\Console\\Command->run()
#14 C:\\OSPanel\\domains\\helper.bot\\vendor\\symfony\\console\\Application.php(320): Symfony\\Component\\Console\\Application->doRunCommand()
#15 C:\\OSPanel\\domains\\helper.bot\\vendor\\symfony\\console\\Application.php(174): Symfony\\Component\\Console\\Application->doRun()
#16 C:\\OSPanel\\domains\\helper.bot\\vendor\\laravel\\framework\\src\\Illuminate\\Foundation\\Console\\Kernel.php(200): Symfony\\Component\\Console\\Application->run()
#17 C:\\OSPanel\\domains\\helper.bot\\artisan(37): Illuminate\\Foundation\\Console\\Kernel->handle()
#18 {main}
"} 
[2023-07-08 06:23:25] local.ERROR: Class "App\Services\AncillaryServices\HelperFunctions\GetBots" not found {"exception":"[object] (Error(code: 0): Class \"App\\Services\\AncillaryServices\\HelperFunctions\\GetBots\" not found at C:\\OSPanel\\domains\\helper.bot\\app\\Services\\CustomBotsManager.php:32)
[stacktrace]
#0 C:\\OSPanel\\domains\\helper.bot\\app\\Console\\Commands\\TelegramBot.php(40): App\\Services\\CustomBotsManager->process()
#1 C:\\OSPanel\\domains\\helper.bot\\vendor\\laravel\\framework\\src\\Illuminate\\Container\\BoundMethod.php(36): App\\Console\\Commands\\TelegramBot->handle()
#2 C:\\OSPanel\\domains\\helper.bot\\vendor\\laravel\\framework\\src\\Illuminate\\Container\\Util.php(41): Illuminate\\Container\\BoundMethod::Illuminate\\Container\\{closure}()
#3 C:\\OSPanel\\domains\\helper.bot\\vendor\\laravel\\framework\\src\\Illuminate\\Container\\BoundMethod.php(93): Illuminate\\Container\\Util::unwrapIfClosure()
#4 C:\\OSPanel\\domains\\helper.bot\\vendor\\laravel\\framework\\src\\Illuminate\\Container\\BoundMethod.php(37): Illuminate\\Container\\BoundMethod::callBoundMethod()
#5 C:\\OSPanel\\domains\\helper.bot\\vendor\\laravel\\framework\\src\\Illuminate\\Container\\Container.php(662): Illuminate\\Container\\BoundMethod::call()
#6 C:\\OSPanel\\domains\\helper.bot\\vendor\\laravel\\framework\\src\\Illuminate\\Console\\Command.php(208): Illuminate\\Container\\Container->call()
#7 C:\\OSPanel\\domains\\helper.bot\\vendor\\symfony\\console\\Command\\Command.php(326): Illuminate\\Console\\Command->execute()
#8 C:\\OSPanel\\domains\\helper.bot\\vendor\\laravel\\framework\\src\\Illuminate\\Console\\Command.php(178): Symfony\\Component\\Console\\Command\\Command->run()
#9 C:\\OSPanel\\domains\\helper.bot\\vendor\\symfony\\console\\Application.php(1081): Illuminate\\Console\\Command->run()
#10 C:\\OSPanel\\domains\\helper.bot\\vendor\\symfony\\console\\Application.php(320): Symfony\\Component\\Console\\Application->doRunCommand()
#11 C:\\OSPanel\\domains\\helper.bot\\vendor\\symfony\\console\\Application.php(174): Symfony\\Component\\Console\\Application->doRun()
#12 C:\\OSPanel\\domains\\helper.bot\\vendor\\laravel\\framework\\src\\Illuminate\\Foundation\\Console\\Kernel.php(200): Symfony\\Component\\Console\\Application->run()
#13 C:\\OSPanel\\domains\\helper.bot\\artisan(37): Illuminate\\Foundation\\Console\\Kernel->handle()
#14 {main}
"} 
